<?xml version="1.0" encoding="UTF-8"?>
<!-- Generated by org.testng.reporters.JUnitReportReporter -->
<testsuite hostname="Asus-PC" failures="0" tests="1" name="PipelineTest1.AppTest" time="0.037" errors="0" timestamp="2021-09-28T10:53:14 IST" skipped="0">
  <testcase classname="PipelineTest1.AppTest" name="PP1" time="0.037"/>
  <system-out/>
</testsuite> <!-- PipelineTest1.AppTest -->
